[debug] [2026-02-26T00:36:30.409Z] ----------------------------------------------------------------------
[debug] [2026-02-26T00:36:30.416Z] Command:       C:\Program Files\nodejs\node.exe C:\Users\Admin\AppData\Roaming\npm\node_modules\firebase-tools\lib\bin\firebase.js init hosting
[debug] [2026-02-26T00:36:30.417Z] CLI Version:   15.7.0
[debug] [2026-02-26T00:36:30.417Z] Platform:      win32
[debug] [2026-02-26T00:36:30.417Z] Node Version:  v20.20.0
[debug] [2026-02-26T00:36:30.418Z] Time:          Wed Feb 25 2026 16:36:30 GMT-0800 (Ora standarde e Territoreve Amerikane të Bregut të Paqësorit)
[debug] [2026-02-26T00:36:30.418Z] ----------------------------------------------------------------------
[debug] 
[info] 
     ######## #### ########  ######## ########     ###     ######  ########
     ##        ##  ##     ## ##       ##     ##  ##   ##  ##       ##
     ######    ##  ########  ######   ########  #########  ######  ######
     ##        ##  ##    ##  ##       ##     ## ##     ##       ## ##
     ##       #### ##     ## ######## ########  ##     ##  ######  ########

You're about to initialize a Firebase project in this directory:

  C:\Users\Admin

Before we get started, keep in mind:

  * You are initializing within an existing Firebase project directory

[debug] [2026-02-26T00:37:30.832Z] ExitPromptError: User force closed the prompt with SIGINT
    at Interface.sigint (C:\Users\Admin\AppData\Roaming\npm\node_modules\firebase-tools\node_modules\@inquirer\core\dist\commonjs\lib\create-prompt.js:101:37)
    at Interface.emit (node:events:524:28)
    at [_ttyWrite] [as _ttyWrite] (node:internal/readline/interface:1134:18)
    at ReadStream.onkeypress (node:internal/readline/interface:267:20)
    at ReadStream.emit (node:events:536:35)
    at emitKeys (node:internal/readline/utils:371:14)
    at emitKeys.next (<anonymous>)
    at ReadStream.onData (node:internal/readline/emitKeypressEvents:64:36)
    at ReadStream.emit (node:events:524:28)
    at addChunk (node:internal/streams/readable:561:12)
[error] 
[error] Error: An unexpected error has occurred.
[debug] [2026-02-26T00:38:03.989Z] ----------------------------------------------------------------------
[debug] [2026-02-26T00:38:03.995Z] Command:       C:\Program Files\nodejs\node.exe C:\Users\Admin\AppData\Roaming\npm\node_modules\firebase-tools\lib\bin\firebase.js init hosting
[debug] [2026-02-26T00:38:03.996Z] CLI Version:   15.7.0
[debug] [2026-02-26T00:38:03.997Z] Platform:      win32
[debug] [2026-02-26T00:38:03.997Z] Node Version:  v20.20.0
[debug] [2026-02-26T00:38:03.997Z] Time:          Wed Feb 25 2026 16:38:03 GMT-0800 (Ora standarde e Territoreve Amerikane të Bregut të Paqësorit)
[debug] [2026-02-26T00:38:03.997Z] ----------------------------------------------------------------------
[debug] 
[info] 
     ######## #### ########  ######## ########     ###     ######  ########
     ##        ##  ##     ## ##       ##     ##  ##   ##  ##       ##
     ######    ##  ########  ######   ########  #########  ######  ######
     ##        ##  ##    ##  ##       ##     ## ##     ##       ## ##
     ##       #### ##     ## ######## ########  ##     ##  ######  ########

You're about to initialize a Firebase project in this directory:

  C:\Users\Admin

Before we get started, keep in mind:

  * You are initializing within an existing Firebase project directory

[info] 
=== Project Setup
[info] 
[info] First, let's associate this project directory with a Firebase project.
[info] You can create multiple project aliases by running firebase use --add, 
[info] 
[debug] [2026-02-26T00:38:10.958Z] > command requires scopes: ["email","openid","https://www.googleapis.com/auth/cloudplatformprojects.readonly","https://www.googleapis.com/auth/firebase","https://www.googleapis.com/auth/cloud-platform"]
[debug] [2026-02-26T00:38:10.959Z] > authorizing via signed-in user (dshkod8@gmail.com)
[debug] [2026-02-26T00:38:10.964Z] Checked if tokens are valid: true, expires at: 1772069603822
[debug] [2026-02-26T00:38:10.964Z] Checked if tokens are valid: true, expires at: 1772069603822
[debug] [2026-02-26T00:38:10.967Z] >>> [apiv2][query] GET https://firebase.googleapis.com/v1beta1/projects/klinika-estetike-am [none]
[debug] [2026-02-26T00:38:11.505Z] <<< [apiv2][status] GET https://firebase.googleapis.com/v1beta1/projects/klinika-estetike-am 200
[debug] [2026-02-26T00:38:11.505Z] <<< [apiv2][body] GET https://firebase.googleapis.com/v1beta1/projects/klinika-estetike-am {"projectId":"klinika-estetike-am","projectNumber":"903617941292","displayName":"Klinika-estetike-am","name":"projects/klinika-estetike-am","resources":{"hostingSite":"klinika-estetike-am"},"state":"ACTIVE","etag":"1_341d488e-3bd6-45a6-aea6-62bd516cd46b"}
[info] i  Using project klinika-estetike-am (Klinika-estetike-am) . 
[info] 
=== Hosting Setup
[debug] [2026-02-26T00:38:11.519Z] Checked if tokens are valid: true, expires at: 1772069603822
[debug] [2026-02-26T00:38:11.519Z] Checked if tokens are valid: true, expires at: 1772069603822
[debug] [2026-02-26T00:38:11.520Z] >>> [apiv2][query] GET https://firebase.googleapis.com/v1beta1/projects/klinika-estetike-am [none]
[debug] [2026-02-26T00:38:11.857Z] <<< [apiv2][status] GET https://firebase.googleapis.com/v1beta1/projects/klinika-estetike-am 200
[debug] [2026-02-26T00:38:11.857Z] <<< [apiv2][body] GET https://firebase.googleapis.com/v1beta1/projects/klinika-estetike-am {"projectId":"klinika-estetike-am","projectNumber":"903617941292","displayName":"Klinika-estetike-am","name":"projects/klinika-estetike-am","resources":{"hostingSite":"klinika-estetike-am"},"state":"ACTIVE","etag":"1_341d488e-3bd6-45a6-aea6-62bd516cd46b"}
[info] 
[info] Your public directory is the folder (relative to your project directory) that
[info] will contain Hosting assets to be uploaded with firebase deploy. If you
[info] have a build process for your assets, use your build's output directory.
[info] 
